{
"/Users/andylui/Desktop/Git/webpackPractice/src/js/app.js":{"path":"/Users/andylui/Desktop/Git/webpackPractice/src/js/app.js","statementMap":{"0":{"start":{"line":3,"column":2},"end":{"line":3,"column":19}}},"fnMap":{"0":{"name":"(anonymous_0)","decl":{"start":{"line":2,"column":1},"end":{"line":2,"column":2}},"loc":{"start":{"line":2,"column":15},"end":{"line":4,"column":2}},"line":2}},"branchMap":{},"s":{"0":1},"f":{"0":1},"b":{},"_coverageSchema":"332fd63041d2c1bcb487cc26dd0d5f7d97098a6c","hash":"3449d01f186a3b608eac8b6095ecc933994977e4","l":{"3":1}}}
